<?xml version="1.0" encoding="UTF-8"?>
<!-- Generated by org.testng.reporters.JUnitReportReporter -->
<testsuite hostname="Win7_Lenovo-PC" name="DriverFactory.AppTest" tests="1" failures="0" timestamp="15 Aug 2017 18:59:11 GMT" time="2.721" errors="0">
  <testcase name="kickStart" time="2.721" classname="DriverFactory.AppTest"/>
</testsuite> <!-- DriverFactory.AppTest -->
