<?xml version="1.0" encoding="UTF-8"?>
<!-- Generated by org.testng.reporters.JUnitReportReporter -->
<testsuite skipped="0" hostname="Obedraju-PC" name="com.demo.trial.AppTest" tests="1" failures="0" timestamp="08 Nov 2018 11:56:56 GMT" time="13.087" errors="0">
  <testcase name="run" time="13.087" classname="com.demo.trial.AppTest"/>
</testsuite> <!-- com.demo.trial.AppTest -->
