<?xml version="1.0" encoding="UTF-8"?>
<!-- Generated by org.testng.reporters.JUnitReportReporter -->
<testsuite skipped="0" hostname="EXIHYD-IM-033" name="com.demo.trial.AppTest" tests="1" failures="0" timestamp="01 Aug 2019 06:47:02 GMT" time="3.827" errors="0">
  <testcase name="run" time="3.827" classname="com.demo.trial.AppTest"/>
</testsuite> <!-- com.demo.trial.AppTest -->
