<?xml version="1.0" encoding="UTF-8"?>
<!-- Generated by org.testng.reporters.JUnitReportReporter -->
<testsuite skipped="0" hostname="EXIHYD-IM-033" name="PageTests.DriverScript" tests="5" failures="0" timestamp="16 Sep 2019 07:49:47 GMT" time="18.892" errors="0">
  <testcase name="UserDetails" time="3.729" classname="PageTests.DriverScript"/>
  <testcase name="HomeViewAllApps" time="3.119" classname="PageTests.DriverScript"/>
  <testcase name="LoginAuthentication" time="5.033" classname="PageTests.DriverScript"/>
  <testcase name="HomeLogoTest" time="3.328" classname="PageTests.DriverScript"/>
  <testcase name="LogoutAuthentication" time="3.683" classname="PageTests.DriverScript"/>
</testsuite> <!-- PageTests.DriverScript -->
