<?xml version="1.0" encoding="UTF-8"?>
<!-- Generated by org.testng.reporters.JUnitReportReporter -->
<testsuite skipped="0" hostname="EXIHYD-IM-038" name="PageTests.DriverScript" tests="6" failures="0" timestamp="2019-09-16T03:57:05 PDT" time="45.965" errors="0">
  <testcase name="UserDetails" time="5.452" classname="PageTests.DriverScript"/>
  <testcase name="corporate_" time="24.698" classname="PageTests.DriverScript"/>
  <testcase name="HomeLogoTest" time="3.507" classname="PageTests.DriverScript"/>
  <testcase name="HomeViewAllApps" time="4.039" classname="PageTests.DriverScript"/>
  <testcase name="LoginAuthentication" time="4.867" classname="PageTests.DriverScript"/>
  <testcase name="LogoutAuthentication" time="3.402" classname="PageTests.DriverScript"/>
</testsuite> <!-- PageTests.DriverScript -->
