<?xml version="1.0" encoding="UTF-8"?>
<!-- Generated by org.testng.reporters.JUnitReportReporter -->
<testsuite skipped="0" hostname="EXIHYD-IM-033" name="PageTests.DriverScript" tests="5" failures="0" timestamp="13 Sep 2019 11:52:37 GMT" time="23.621" errors="0">
  <testcase name="UserDetails" time="4.920" classname="PageTests.DriverScript"/>
  <testcase name="HomeViewAllApps" time="3.681" classname="PageTests.DriverScript"/>
  <testcase name="LoginAuthentication" time="6.669" classname="PageTests.DriverScript"/>
  <testcase name="HomeLogoTest" time="4.338" classname="PageTests.DriverScript"/>
  <testcase name="LogoutAuthentication" time="4.013" classname="PageTests.DriverScript"/>
</testsuite> <!-- PageTests.DriverScript -->
