<?xml version="1.0" encoding="UTF-8"?>
<!-- Generated by org.testng.reporters.JUnitReportReporter -->
<testsuite skipped="0" hostname="EXIHYD-IM-019" name="PageTests.DriverScript" tests="6" failures="0" timestamp="2019-09-17T00:18:42 PDT" time="57.795" errors="0">
  <testcase name="UserDetails" time="4.416" classname="PageTests.DriverScript"/>
  <testcase name="HomeLogoTest" time="10.321" classname="PageTests.DriverScript"/>
  <testcase name="corporate_" time="25.277" classname="PageTests.DriverScript"/>
  <testcase name="HomeViewAllApps" time="8.087" classname="PageTests.DriverScript"/>
  <testcase name="LoginAuthentication" time="5.882" classname="PageTests.DriverScript"/>
  <testcase name="LogoutAuthentication" time="3.812" classname="PageTests.DriverScript"/>
</testsuite> <!-- PageTests.DriverScript -->
