<?xml version="1.0" encoding="UTF-8"?>
<!-- Generated by org.testng.reporters.JUnitReportReporter -->
<testsuite skipped="0" hostname="EXIHYD-IM-033" name="PageTests.DriverScript" tests="5" failures="0" timestamp="22 Aug 2019 11:48:43 GMT" time="25.769" errors="0">
  <testcase name="LoginAuthentication" time="5.041" classname="PageTests.DriverScript"/>
  <testcase name="HomeViewAllApps" time="3.108" classname="PageTests.DriverScript"/>
  <testcase name="HomeLogoTest" time="6.109" classname="PageTests.DriverScript"/>
  <testcase name="UserDetails" time="7.770" classname="PageTests.DriverScript"/>
  <testcase name="LogoutAuthentication" time="3.741" classname="PageTests.DriverScript"/>
</testsuite> <!-- PageTests.DriverScript -->
