<?xml version="1.0" encoding="UTF-8"?>
<!-- Generated by org.testng.reporters.JUnitReportReporter -->
<testsuite skipped="0" hostname="EXIHYD-IM-033" name="PageTests.DriverScript" tests="5" failures="0" timestamp="23 Aug 2019 09:08:19 GMT" time="42.872" errors="0">
  <testcase name="LoginAuthentication" time="19.012" classname="PageTests.DriverScript"/>
  <testcase name="HomeViewAllApps" time="3.925" classname="PageTests.DriverScript"/>
  <testcase name="HomeLogoTest" time="5.920" classname="PageTests.DriverScript"/>
  <testcase name="UserDetails" time="8.073" classname="PageTests.DriverScript"/>
  <testcase name="LogoutAuthentication" time="5.942" classname="PageTests.DriverScript"/>
</testsuite> <!-- PageTests.DriverScript -->
