<?xml version="1.0" encoding="UTF-8"?>
<!-- Generated by org.testng.reporters.JUnitReportReporter -->
<testsuite skipped="0" hostname="EXIHYD-IM-033" name="PageTests.DriverScript" tests="6" failures="0" timestamp="17 Sep 2019 06:56:43 GMT" time="34.989" errors="0">
  <testcase name="LoginAuthentication" time="4.450" classname="PageTests.DriverScript"/>
  <testcase name="corporate_" time="16.800" classname="PageTests.DriverScript"/>
  <testcase name="HomeViewAllApps" time="2.711" classname="PageTests.DriverScript"/>
  <testcase name="UserDetails" time="3.882" classname="PageTests.DriverScript"/>
  <testcase name="HomeLogoTest" time="3.257" classname="PageTests.DriverScript"/>
  <testcase name="LogoutAuthentication" time="3.889" classname="PageTests.DriverScript"/>
</testsuite> <!-- PageTests.DriverScript -->
