<?xml version="1.0" encoding="UTF-8"?>
<!-- Generated by org.testng.reporters.JUnitReportReporter -->
<testsuite skipped="0" hostname="EXIHYD-IM-033" name="PageTests.DriverScript" tests="5" failures="0" timestamp="16 Sep 2019 07:35:01 GMT" time="18.069" errors="0">
  <testcase name="UserDetails" time="3.751" classname="PageTests.DriverScript"/>
  <testcase name="HomeViewAllApps" time="2.891" classname="PageTests.DriverScript"/>
  <testcase name="LoginAuthentication" time="5.078" classname="PageTests.DriverScript"/>
  <testcase name="HomeLogoTest" time="3.378" classname="PageTests.DriverScript"/>
  <testcase name="LogoutAuthentication" time="2.971" classname="PageTests.DriverScript"/>
</testsuite> <!-- PageTests.DriverScript -->
