<?xml version="1.0" encoding="UTF-8"?>
<!-- Generated by org.testng.reporters.JUnitReportReporter -->
<testsuite skipped="0" hostname="EXIHYD-IM-038" name="PageTests.DriverScript" tests="5" failures="0" timestamp="2019-09-16T00:03:39 PDT" time="19.888" errors="0">
  <testcase name="HomeViewAllApps" time="2.804" classname="PageTests.DriverScript"/>
  <testcase name="HomeLogoTest" time="3.457" classname="PageTests.DriverScript"/>
  <testcase name="LoginAuthentication" time="5.218" classname="PageTests.DriverScript"/>
  <testcase name="UserDetails" time="4.211" classname="PageTests.DriverScript"/>
  <testcase name="LogoutAuthentication" time="4.198" classname="PageTests.DriverScript"/>
</testsuite> <!-- PageTests.DriverScript -->
